NHS Cancer Data Processing - Phase I
==================================================
Loaded 167 trust mappings from database

Processing file: CWT-CRS-Apr-2024-to-Sep-2024-Data-Extract-Provider-Final.xlsx
Successfully read sheet: CWT CRS Provider Extract
Loaded 61780 rows, 11 columns
Found 6 unique periods in file

Processing period: 2024-04-01 (APR)

Processing period: 2024-05-01 (MAY)

Processing period: 2024-06-01 (JUN)

Processing period: 2024-07-01 (JUL)

Processing period: 2024-08-01 (AUG)

Processing period: 2024-09-01 (SEP)

Successfully processed 147 trusts across 6 periods

Processing file: CWT-CRS-Oct-2024-to-Mar-2025-Data-Extract-Provider.xlsx
Successfully read sheet: CWT CRS Provider Extract
Loaded 61649 rows, 11 columns
Found 6 unique periods in file

Processing period: 2024-10-01 (OCT)

Processing period: 2024-11-01 (NOV)

Processing period: 2024-12-01 (DEC)

Processing period: 2025-01-01 (JAN)

Processing period: 2025-02-01 (FEB)

Processing period: 2025-03-01 (MAR)

Successfully processed 144 trusts across 6 periods

Processing file: CWT-CRS-Apr-2025-to-Jul-2025-Data-Extract-Provider.xlsx
Successfully read sheet: CWT CRS Provider Extract
Loaded 41013 rows, 11 columns
Found 4 unique periods in file

Processing period: 2025-04-01 (APR)

Processing period: 2025-05-01 (MAY)

Processing period: 2025-06-01 (JUN)

Processing period: 2025-07-01 (JUL)

Successfully processed 146 trusts across 4 periods

==================================================
PROCESSING SUMMARY
==================================================
Total trusts processed: 157
Total trust-month records: 2206

Loading data to Supabase...
✓ Loaded R0A 2024-04-01
✓ Loaded R0A 2024-05-01
✓ Loaded R0A 2024-06-01
✓ Loaded R0A 2024-07-01
✓ Loaded R0A 2024-08-01
✓ Loaded R0A 2024-09-01
✓ Loaded R0A 2024-10-01
✓ Loaded R0A 2024-11-01
✓ Loaded R0A 2024-12-01
✓ Loaded R0A 2025-01-01
✓ Loaded R0A 2025-02-01
✓ Loaded R0A 2025-03-01
✓ Loaded R0A 2025-04-01
✓ Loaded R0A 2025-05-01
✓ Loaded R0A 2025-06-01
✓ Loaded R0A 2025-07-01
✓ Loaded R0D 2024-04-01
✓ Loaded R0D 2024-05-01
✓ Loaded R0D 2024-06-01
✓ Loaded R0D 2024-07-01
✓ Loaded R0D 2024-08-01
✓ Loaded R0D 2024-09-01
✓ Loaded R0D 2024-10-01
✓ Loaded R0D 2024-11-01
✓ Loaded R0D 2024-12-01
✓ Loaded R0D 2025-01-01
✓ Loaded R0D 2025-02-01
✓ Loaded R0D 2025-03-01
✓ Loaded R0D 2025-04-01
✓ Loaded R0D 2025-05-01
✓ Loaded R0D 2025-06-01
✓ Loaded R0D 2025-07-01
✓ Loaded R1F 2024-04-01
✓ Loaded R1F 2024-05-01
✓ Loaded R1F 2024-06-01
✓ Loaded R1F 2024-07-01
✓ Loaded R1F 2024-08-01
✓ Loaded R1F 2024-09-01
✓ Loaded R1F 2024-10-01
✓ Loaded R1F 2024-11-01
✓ Loaded R1F 2024-12-01
✓ Loaded R1F 2025-01-01
✓ Loaded R1F 2025-02-01
✓ Loaded R1F 2025-03-01
✓ Loaded R1F 2025-04-01
✓ Loaded R1F 2025-05-01
✓ Loaded R1F 2025-06-01
✓ Loaded R1F 2025-07-01
✓ Loaded R1H 2024-04-01
✓ Loaded R1H 2024-05-01
✓ Loaded R1H 2024-06-01
✓ Loaded R1H 2024-07-01
✓ Loaded R1H 2024-08-01
✓ Loaded R1H 2024-09-01
✓ Loaded R1H 2024-10-01
✓ Loaded R1H 2024-11-01
✓ Loaded R1H 2024-12-01
✓ Loaded R1H 2025-01-01
✓ Loaded R1H 2025-02-01
✓ Loaded R1H 2025-03-01
✓ Loaded R1H 2025-04-01
✓ Loaded R1H 2025-05-01
✓ Loaded R1H 2025-06-01
✓ Loaded R1H 2025-07-01
✓ Loaded R1K 2024-04-01
✓ Loaded R1K 2024-05-01
✓ Loaded R1K 2024-06-01
✓ Loaded R1K 2024-07-01
✓ Loaded R1K 2024-08-01
✓ Loaded R1K 2024-09-01
✓ Loaded R1K 2024-10-01
✓ Loaded R1K 2024-11-01
✓ Loaded R1K 2024-12-01
✓ Loaded R1K 2025-01-01
✓ Loaded R1K 2025-02-01
✓ Loaded R1K 2025-03-01
✓ Loaded R1K 2025-04-01
✓ Loaded R1K 2025-05-01
✓ Loaded R1K 2025-06-01
✓ Loaded R1K 2025-07-01
✓ Loaded RA2 2024-04-01
✓ Loaded RA2 2024-05-01
✓ Loaded RA2 2024-06-01
✓ Loaded RA2 2024-07-01
✓ Loaded RA2 2024-08-01
✓ Loaded RA2 2024-09-01
✓ Loaded RA2 2024-10-01
✓ Loaded RA2 2024-11-01
✓ Loaded RA2 2024-12-01
✓ Loaded RA2 2025-01-01
✓ Loaded RA2 2025-02-01
✓ Loaded RA2 2025-03-01
✓ Loaded RA2 2025-04-01
✓ Loaded RA2 2025-05-01
✓ Loaded RA2 2025-06-01
✓ Loaded RA2 2025-07-01
✓ Loaded RA9 2024-04-01
✓ Loaded RA9 2024-05-01
✓ Loaded RA9 2024-06-01
✓ Loaded RA9 2024-07-01
✓ Loaded RA9 2024-08-01
✓ Loaded RA9 2024-09-01
✓ Loaded RA9 2024-10-01
✓ Loaded RA9 2024-11-01
✓ Loaded RA9 2024-12-01
✓ Loaded RA9 2025-01-01
✓ Loaded RA9 2025-02-01
✓ Loaded RA9 2025-03-01
✓ Loaded RA9 2025-04-01
✓ Loaded RA9 2025-05-01
✓ Loaded RA9 2025-06-01
✓ Loaded RA9 2025-07-01
✓ Loaded RAE 2024-04-01
✓ Loaded RAE 2024-05-01
✓ Loaded RAE 2024-06-01
✓ Loaded RAE 2024-07-01
✓ Loaded RAE 2024-08-01
✓ Loaded RAE 2024-09-01
✓ Loaded RAE 2024-10-01
✓ Loaded RAE 2024-11-01
✓ Loaded RAE 2024-12-01
✓ Loaded RAE 2025-01-01
✓ Loaded RAE 2025-02-01
✓ Loaded RAE 2025-03-01
✓ Loaded RAE 2025-04-01
✓ Loaded RAE 2025-05-01
✓ Loaded RAE 2025-06-01
✓ Loaded RAE 2025-07-01
✓ Loaded RAJ 2024-04-01
✓ Loaded RAJ 2024-05-01
✓ Loaded RAJ 2024-06-01
✓ Loaded RAJ 2024-07-01
✓ Loaded RAJ 2024-08-01
✓ Loaded RAJ 2024-09-01
✓ Loaded RAJ 2024-10-01
✓ Loaded RAJ 2024-11-01
✓ Loaded RAJ 2024-12-01
✓ Loaded RAJ 2025-01-01
✓ Loaded RAJ 2025-02-01
✓ Loaded RAJ 2025-03-01
✓ Loaded RAJ 2025-04-01
✓ Loaded RAJ 2025-05-01
✓ Loaded RAJ 2025-06-01
✓ Loaded RAJ 2025-07-01
✓ Loaded RAS 2024-04-01
✓ Loaded RAS 2024-05-01
✓ Loaded RAS 2024-06-01
✓ Loaded RAS 2024-07-01
✓ Loaded RAS 2024-08-01
✓ Loaded RAS 2024-09-01
✓ Loaded RAS 2024-10-01
✓ Loaded RAS 2024-11-01
✓ Loaded RAS 2024-12-01
✓ Loaded RAS 2025-01-01
✓ Loaded RAS 2025-02-01
✓ Loaded RAS 2025-03-01
✓ Loaded RAS 2025-04-01
✓ Loaded RAS 2025-05-01
✓ Loaded RAS 2025-06-01
✓ Loaded RAS 2025-07-01
✓ Loaded RAX 2024-04-01
✓ Loaded RAX 2024-05-01
✓ Loaded RAX 2024-06-01
✓ Loaded RAX 2024-07-01
✓ Loaded RAX 2024-08-01
✓ Loaded RAX 2024-09-01
✓ Loaded RAX 2024-10-01
✓ Loaded RAX 2024-11-01
✓ Loaded RAX 2024-12-01
✓ Loaded RAX 2025-01-01
✓ Loaded RAX 2025-02-01
✓ Loaded RAX 2025-03-01
✓ Loaded RAX 2025-04-01
✓ Loaded RAX 2025-05-01
✓ Loaded RAX 2025-06-01
✓ Loaded RAX 2025-07-01
✓ Loaded RBD 2024-04-01
✓ Loaded RBD 2024-05-01
✓ Loaded RBD 2024-06-01
✓ Loaded RBD 2024-07-01
✓ Loaded RBD 2024-08-01
✓ Loaded RBD 2024-09-01
✓ Loaded RBD 2024-10-01
✓ Loaded RBD 2024-11-01
✓ Loaded RBD 2024-12-01
✓ Loaded RBD 2025-01-01
✓ Loaded RBD 2025-02-01
✓ Loaded RBD 2025-03-01
✓ Loaded RBD 2025-04-01
✓ Loaded RBD 2025-05-01
✓ Loaded RBD 2025-06-01
✓ Loaded RBD 2025-07-01
✓ Loaded RBK 2024-04-01
✓ Loaded RBK 2024-05-01
✓ Loaded RBK 2024-06-01
✓ Loaded RBK 2024-07-01
✓ Loaded RBK 2024-08-01
✓ Loaded RBK 2024-09-01
✓ Loaded RBK 2024-10-01
✓ Loaded RBK 2024-11-01
✓ Loaded RBK 2024-12-01
✓ Loaded RBK 2025-01-01
✓ Loaded RBK 2025-02-01
✓ Loaded RBK 2025-03-01
✓ Loaded RBK 2025-04-01
✓ Loaded RBK 2025-05-01
✓ Loaded RBK 2025-06-01
✓ Loaded RBK 2025-07-01
✓ Loaded RBN 2024-04-01
✓ Loaded RBN 2024-05-01
✓ Loaded RBN 2024-06-01
✓ Loaded RBN 2024-07-01
✓ Loaded RBN 2024-08-01
✓ Loaded RBN 2024-09-01
✓ Loaded RBN 2024-10-01
✓ Loaded RBN 2024-11-01
✓ Loaded RBN 2024-12-01
✓ Loaded RBN 2025-01-01
✓ Loaded RBN 2025-02-01
✓ Loaded RBN 2025-03-01
✓ Loaded RBN 2025-04-01
✓ Loaded RBN 2025-05-01
✓ Loaded RBN 2025-06-01
✓ Loaded RBN 2025-07-01
✓ Loaded RBT 2024-04-01
✓ Loaded RBT 2024-05-01
✓ Loaded RBT 2024-06-01
✓ Loaded RBT 2024-07-01
✓ Loaded RBT 2024-08-01
✓ Loaded RBT 2024-09-01
✓ Loaded RBT 2024-10-01
✓ Loaded RBT 2024-11-01
✓ Loaded RBT 2024-12-01
✓ Loaded RBT 2025-01-01
✓ Loaded RBT 2025-02-01
✓ Loaded RBT 2025-03-01
✓ Loaded RBT 2025-04-01
✓ Loaded RBT 2025-05-01
✓ Loaded RBT 2025-06-01
✓ Loaded RBT 2025-07-01
✓ Loaded RC9 2024-04-01
✓ Loaded RC9 2024-05-01
✓ Loaded RC9 2024-06-01
✓ Loaded RC9 2024-07-01
✓ Loaded RC9 2024-08-01
✓ Loaded RC9 2024-09-01
✓ Loaded RC9 2024-10-01
✓ Loaded RC9 2024-11-01
✓ Loaded RC9 2024-12-01
✓ Loaded RC9 2025-01-01
✓ Loaded RC9 2025-02-01
✓ Loaded RC9 2025-03-01
✓ Loaded RC9 2025-04-01
✓ Loaded RC9 2025-05-01
✓ Loaded RC9 2025-06-01
✓ Loaded RC9 2025-07-01
✓ Loaded RCB 2024-04-01
✓ Loaded RCB 2024-05-01
✓ Loaded RCB 2024-06-01
✓ Loaded RCB 2024-07-01
✓ Loaded RCB 2024-08-01
✓ Loaded RCB 2024-09-01
✓ Loaded RCB 2024-10-01
✓ Loaded RCB 2024-11-01
✓ Loaded RCB 2024-12-01
✓ Loaded RCB 2025-01-01
✓ Loaded RCB 2025-02-01
✓ Loaded RCB 2025-03-01
✓ Loaded RCB 2025-04-01
✓ Loaded RCB 2025-05-01
✓ Loaded RCB 2025-06-01
✓ Loaded RCB 2025-07-01
✓ Loaded RCD 2024-04-01
✓ Loaded RCD 2024-05-01
✓ Loaded RCD 2024-06-01
✓ Loaded RCD 2024-07-01
✓ Loaded RCD 2024-08-01
✓ Loaded RCD 2024-09-01
✓ Loaded RCD 2024-10-01
✓ Loaded RCD 2024-11-01
✓ Loaded RCD 2024-12-01
✓ Loaded RCD 2025-01-01
✓ Loaded RCD 2025-02-01
✓ Loaded RCD 2025-03-01
✓ Loaded RCD 2025-04-01
✓ Loaded RCD 2025-05-01
✓ Loaded RCD 2025-06-01
✓ Loaded RCD 2025-07-01
✓ Loaded RCF 2024-04-01
✓ Loaded RCF 2024-05-01
✓ Loaded RCF 2024-06-01
✓ Loaded RCF 2024-07-01
✓ Loaded RCF 2024-08-01
✓ Loaded RCF 2024-09-01
✓ Loaded RCF 2024-10-01
✓ Loaded RCF 2024-11-01
✓ Loaded RCF 2024-12-01
✓ Loaded RCF 2025-01-01
✓ Loaded RCF 2025-02-01
✓ Loaded RCF 2025-03-01
✓ Loaded RCF 2025-04-01
✓ Loaded RCF 2025-05-01
✓ Loaded RCF 2025-06-01
✓ Loaded RCF 2025-07-01
✓ Loaded RCX 2024-04-01
✓ Loaded RCX 2024-05-01
✓ Loaded RCX 2024-06-01
✓ Loaded RCX 2024-07-01
✓ Loaded RCX 2024-08-01
✓ Loaded RCX 2024-09-01
✓ Loaded RCX 2024-10-01
✓ Loaded RCX 2024-11-01
✓ Loaded RCX 2024-12-01
✓ Loaded RCX 2025-01-01
✓ Loaded RCX 2025-02-01
✓ Loaded RCX 2025-03-01
✓ Loaded RCX 2025-04-01
✓ Loaded RCX 2025-05-01
✓ Loaded RCX 2025-06-01
✓ Loaded RCX 2025-07-01
✓ Loaded RD1 2024-04-01
✓ Loaded RD1 2024-05-01
✓ Loaded RD1 2024-06-01
✓ Loaded RD1 2024-07-01
✓ Loaded RD1 2024-08-01
✓ Loaded RD1 2024-09-01
✓ Loaded RD1 2024-10-01
✓ Loaded RD1 2024-11-01
✓ Loaded RD1 2024-12-01
✓ Loaded RD1 2025-01-01
✓ Loaded RD1 2025-02-01
✓ Loaded RD1 2025-03-01
✓ Loaded RD1 2025-04-01
✓ Loaded RD1 2025-05-01
✓ Loaded RD1 2025-06-01
✓ Loaded RD1 2025-07-01
✓ Loaded RD8 2024-04-01
✓ Loaded RD8 2024-05-01
✓ Loaded RD8 2024-06-01
✓ Loaded RD8 2024-07-01
✓ Loaded RD8 2024-08-01
✓ Loaded RD8 2024-09-01
✓ Loaded RD8 2024-10-01
✓ Loaded RD8 2024-11-01
✓ Loaded RD8 2024-12-01
✓ Loaded RD8 2025-01-01
✓ Loaded RD8 2025-02-01
✓ Loaded RD8 2025-03-01
✓ Loaded RD8 2025-04-01
✓ Loaded RD8 2025-05-01
✓ Loaded RD8 2025-06-01
✓ Loaded RD8 2025-07-01
✓ Loaded RDE 2024-04-01
✓ Loaded RDE 2024-05-01
✓ Loaded RDE 2024-06-01
✓ Loaded RDE 2024-07-01
✓ Loaded RDE 2024-08-01
✓ Loaded RDE 2024-09-01
✓ Loaded RDE 2024-10-01
✓ Loaded RDE 2024-11-01
✓ Loaded RDE 2024-12-01
✓ Loaded RDE 2025-01-01
✓ Loaded RDE 2025-02-01
✓ Loaded RDE 2025-03-01
✓ Loaded RDE 2025-04-01
✓ Loaded RDE 2025-05-01
✓ Loaded RDE 2025-06-01
✓ Loaded RDE 2025-07-01
✓ Loaded RDU 2024-04-01
✓ Loaded RDU 2024-05-01
✓ Loaded RDU 2024-06-01
✓ Loaded RDU 2024-07-01
✓ Loaded RDU 2024-08-01
✓ Loaded RDU 2024-09-01
✓ Loaded RDU 2024-10-01
✓ Loaded RDU 2024-11-01
✓ Loaded RDU 2024-12-01
✓ Loaded RDU 2025-01-01
✓ Loaded RDU 2025-02-01
✓ Loaded RDU 2025-03-01
✓ Loaded RDU 2025-04-01
✓ Loaded RDU 2025-05-01
✓ Loaded RDU 2025-06-01
✓ Loaded RDU 2025-07-01
✓ Loaded REF 2024-04-01
✓ Loaded REF 2024-05-01
✓ Loaded REF 2024-06-01
✓ Loaded REF 2024-07-01
✓ Loaded REF 2024-08-01
✓ Loaded REF 2024-09-01
✓ Loaded REF 2024-10-01
✓ Loaded REF 2024-11-01
✓ Loaded REF 2024-12-01
✓ Loaded REF 2025-01-01
✓ Loaded REF 2025-02-01
✓ Loaded REF 2025-03-01
✓ Loaded REF 2025-04-01
✓ Loaded REF 2025-05-01
✓ Loaded REF 2025-06-01
✓ Loaded REF 2025-07-01
✓ Loaded REM 2024-04-01
✓ Loaded REM 2024-05-01
✓ Loaded REM 2024-06-01
✓ Loaded REM 2024-07-01
✓ Loaded REM 2024-08-01
✓ Loaded REM 2024-09-01
✓ Loaded REM 2024-10-01
✓ Loaded REM 2024-11-01
✓ Loaded REM 2024-12-01
✓ Loaded REM 2025-01-01
✓ Loaded REM 2025-02-01
✓ Loaded REM 2025-03-01
✓ Loaded REM 2025-04-01
✓ Loaded REM 2025-05-01
✓ Loaded REM 2025-06-01
✓ Loaded REM 2025-07-01
✓ Loaded RF4 2024-04-01
✓ Loaded RF4 2024-05-01
✓ Loaded RF4 2024-06-01
✓ Loaded RF4 2024-07-01
✓ Loaded RF4 2024-08-01
✓ Loaded RF4 2024-09-01
✓ Loaded RF4 2024-10-01
✓ Loaded RF4 2024-11-01
✓ Loaded RF4 2024-12-01
✓ Loaded RF4 2025-01-01
✓ Loaded RF4 2025-02-01
✓ Loaded RF4 2025-03-01
✓ Loaded RF4 2025-04-01
✓ Loaded RF4 2025-05-01
✓ Loaded RF4 2025-06-01
✓ Loaded RF4 2025-07-01
✓ Loaded RFF 2024-04-01
✓ Loaded RFF 2024-05-01
✓ Loaded RFF 2024-06-01
✓ Loaded RFF 2024-07-01
✓ Loaded RFF 2024-08-01
✓ Loaded RFF 2024-09-01
✓ Loaded RFF 2024-10-01
✓ Loaded RFF 2024-11-01
✓ Loaded RFF 2024-12-01
✓ Loaded RFF 2025-01-01
✓ Loaded RFF 2025-02-01
✓ Loaded RFF 2025-03-01
✓ Loaded RFF 2025-04-01
✓ Loaded RFF 2025-05-01
✓ Loaded RFF 2025-06-01
✓ Loaded RFF 2025-07-01
✓ Loaded RFR 2024-04-01
✓ Loaded RFR 2024-05-01
✓ Loaded RFR 2024-06-01
✓ Loaded RFR 2024-07-01
✓ Loaded RFR 2024-08-01
✓ Loaded RFR 2024-09-01
✓ Loaded RFR 2024-10-01
✓ Loaded RFR 2024-11-01
✓ Loaded RFR 2024-12-01
✓ Loaded RFR 2025-01-01
✓ Loaded RFR 2025-02-01
✓ Loaded RFR 2025-03-01
✓ Loaded RFR 2025-04-01
✓ Loaded RFR 2025-05-01
✓ Loaded RFR 2025-06-01
✓ Loaded RFR 2025-07-01
✓ Loaded RFS 2024-04-01
✓ Loaded RFS 2024-05-01
✓ Loaded RFS 2024-06-01
✓ Loaded RFS 2024-07-01
✓ Loaded RFS 2024-08-01
✓ Loaded RFS 2024-09-01
✓ Loaded RFS 2024-10-01
✓ Loaded RFS 2024-11-01
✓ Loaded RFS 2024-12-01
✓ Loaded RFS 2025-01-01
✓ Loaded RFS 2025-02-01
✓ Loaded RFS 2025-03-01
✓ Loaded RFS 2025-04-01
✓ Loaded RFS 2025-05-01
✓ Loaded RFS 2025-06-01
✓ Loaded RFS 2025-07-01
✓ Loaded RGN 2024-04-01
✓ Loaded RGN 2024-05-01
✓ Loaded RGN 2024-06-01
✓ Loaded RGN 2024-07-01
✓ Loaded RGN 2024-08-01
✓ Loaded RGN 2024-09-01
✓ Loaded RGN 2024-10-01
✓ Loaded RGN 2024-11-01
✓ Loaded RGN 2024-12-01
✓ Loaded RGN 2025-01-01
✓ Loaded RGN 2025-02-01
✓ Loaded RGN 2025-03-01
✓ Loaded RGN 2025-04-01
✓ Loaded RGN 2025-05-01
✓ Loaded RGN 2025-06-01
✓ Loaded RGN 2025-07-01
✓ Loaded RGP 2024-04-01
✓ Loaded RGP 2024-05-01
✓ Loaded RGP 2024-06-01
✓ Loaded RGP 2024-07-01
✓ Loaded RGP 2024-08-01
✓ Loaded RGP 2024-09-01
✓ Loaded RGP 2024-10-01
✓ Loaded RGP 2024-11-01
✓ Loaded RGP 2024-12-01
✓ Loaded RGP 2025-01-01
✓ Loaded RGP 2025-02-01
✓ Loaded RGP 2025-03-01
✓ Loaded RGP 2025-04-01
✓ Loaded RGP 2025-05-01
✓ Loaded RGP 2025-06-01
✓ Loaded RGP 2025-07-01
✓ Loaded RGR 2024-04-01
✓ Loaded RGR 2024-05-01
✓ Loaded RGR 2024-06-01
✓ Loaded RGR 2024-07-01
✓ Loaded RGR 2024-08-01
✓ Loaded RGR 2024-09-01
✓ Loaded RGR 2024-10-01
✓ Loaded RGR 2024-11-01
✓ Loaded RGR 2024-12-01
✓ Loaded RGR 2025-01-01
✓ Loaded RGR 2025-02-01
✓ Loaded RGR 2025-03-01
✓ Loaded RGR 2025-04-01
✓ Loaded RGR 2025-05-01
✓ Loaded RGR 2025-06-01
✓ Loaded RGR 2025-07-01
✓ Loaded RGT 2024-04-01
✓ Loaded RGT 2024-05-01
✓ Loaded RGT 2024-06-01
✓ Loaded RGT 2024-07-01
✓ Loaded RGT 2024-08-01
✓ Loaded RGT 2024-09-01
✓ Loaded RGT 2024-10-01
✓ Loaded RGT 2024-11-01
✓ Loaded RGT 2024-12-01
✓ Loaded RGT 2025-01-01
✓ Loaded RGT 2025-02-01
✓ Loaded RGT 2025-03-01
✓ Loaded RGT 2025-04-01
✓ Loaded RGT 2025-05-01
✓ Loaded RGT 2025-06-01
✓ Loaded RGT 2025-07-01
✓ Loaded RH5 2024-04-01
✓ Loaded RH5 2024-05-01
✓ Loaded RH5 2024-06-01
✓ Loaded RH5 2024-07-01
✓ Loaded RH5 2024-08-01
✓ Loaded RH5 2024-09-01
✓ Loaded RH5 2024-10-01
✓ Loaded RH5 2024-11-01
✓ Loaded RH5 2024-12-01
✓ Loaded RH5 2025-01-01
✓ Loaded RH5 2025-02-01
✓ Loaded RH5 2025-03-01
✓ Loaded RH5 2025-04-01
✓ Loaded RH5 2025-05-01
✓ Loaded RH5 2025-06-01
✓ Loaded RH5 2025-07-01
✓ Loaded RH8 2024-04-01
✓ Loaded RH8 2024-05-01
✓ Loaded RH8 2024-06-01
✓ Loaded RH8 2024-07-01
✓ Loaded RH8 2024-08-01
✓ Loaded RH8 2024-09-01
✓ Loaded RH8 2024-10-01
✓ Loaded RH8 2024-11-01
✓ Loaded RH8 2024-12-01
✓ Loaded RH8 2025-01-01
✓ Loaded RH8 2025-02-01
✓ Loaded RH8 2025-03-01
✓ Loaded RH8 2025-04-01
✓ Loaded RH8 2025-05-01
✓ Loaded RH8 2025-06-01
✓ Loaded RH8 2025-07-01
✓ Loaded RHM 2024-04-01
✓ Loaded RHM 2024-05-01
✓ Loaded RHM 2024-06-01
✓ Loaded RHM 2024-07-01
✓ Loaded RHM 2024-08-01
✓ Loaded RHM 2024-09-01
✓ Loaded RHM 2024-10-01
✓ Loaded RHM 2024-11-01
✓ Loaded RHM 2024-12-01
✓ Loaded RHM 2025-01-01
✓ Loaded RHM 2025-02-01
✓ Loaded RHM 2025-03-01
✓ Loaded RHM 2025-04-01
✓ Loaded RHM 2025-05-01
✓ Loaded RHM 2025-06-01
✓ Loaded RHM 2025-07-01
✓ Loaded RHQ 2024-04-01
✓ Loaded RHQ 2024-05-01
✓ Loaded RHQ 2024-06-01
✓ Loaded RHQ 2024-07-01
✓ Loaded RHQ 2024-08-01
✓ Loaded RHQ 2024-09-01
✓ Loaded RHQ 2024-10-01
✓ Loaded RHQ 2024-11-01
✓ Loaded RHQ 2024-12-01
✓ Loaded RHQ 2025-01-01
✓ Loaded RHQ 2025-02-01
✓ Loaded RHQ 2025-03-01
✓ Loaded RHQ 2025-04-01
✓ Loaded RHQ 2025-05-01
✓ Loaded RHQ 2025-06-01
✓ Loaded RHQ 2025-07-01
✓ Loaded RHU 2024-04-01
✓ Loaded RHU 2024-05-01
✓ Loaded RHU 2024-06-01
✓ Loaded RHU 2024-07-01
✓ Loaded RHU 2024-08-01
✓ Loaded RHU 2024-09-01
✓ Loaded RHU 2024-10-01
✓ Loaded RHU 2024-11-01
✓ Loaded RHU 2024-12-01
✓ Loaded RHU 2025-01-01
✓ Loaded RHU 2025-02-01
✓ Loaded RHU 2025-03-01
✓ Loaded RHU 2025-04-01
✓ Loaded RHU 2025-05-01
✓ Loaded RHU 2025-06-01
✓ Loaded RHU 2025-07-01
✓ Loaded RHW 2024-04-01
✓ Loaded RHW 2024-05-01
✓ Loaded RHW 2024-06-01
✓ Loaded RHW 2024-07-01
✓ Loaded RHW 2024-08-01
✓ Loaded RHW 2024-09-01
✓ Loaded RHW 2024-10-01
✓ Loaded RHW 2024-11-01
✓ Loaded RHW 2024-12-01
✓ Loaded RHW 2025-01-01
✓ Loaded RHW 2025-02-01
✓ Loaded RHW 2025-03-01
✓ Loaded RHW 2025-04-01
✓ Loaded RHW 2025-05-01
✓ Loaded RHW 2025-06-01
✓ Loaded RHW 2025-07-01
✓ Loaded RJ1 2024-04-01
✓ Loaded RJ1 2024-05-01
✓ Loaded RJ1 2024-06-01
✓ Loaded RJ1 2024-07-01
✓ Loaded RJ1 2024-08-01
✓ Loaded RJ1 2024-09-01
✓ Loaded RJ1 2024-10-01
✓ Loaded RJ1 2024-11-01
✓ Loaded RJ1 2024-12-01
✓ Loaded RJ1 2025-01-01
✓ Loaded RJ1 2025-02-01
✓ Loaded RJ1 2025-03-01
✓ Loaded RJ1 2025-04-01
✓ Loaded RJ1 2025-05-01
✓ Loaded RJ1 2025-06-01
✓ Loaded RJ1 2025-07-01
✓ Loaded RJ2 2024-04-01
✓ Loaded RJ2 2024-05-01
✓ Loaded RJ2 2024-06-01
✓ Loaded RJ2 2024-07-01
✓ Loaded RJ2 2024-08-01
✓ Loaded RJ2 2024-09-01
✓ Loaded RJ2 2024-10-01
✓ Loaded RJ2 2024-11-01
✓ Loaded RJ2 2024-12-01
✓ Loaded RJ2 2025-01-01
✓ Loaded RJ2 2025-02-01
✓ Loaded RJ2 2025-03-01
✓ Loaded RJ2 2025-04-01
✓ Loaded RJ2 2025-05-01
✓ Loaded RJ2 2025-06-01
✓ Loaded RJ2 2025-07-01
✓ Loaded RJ6 2024-04-01
✓ Loaded RJ6 2024-05-01
✓ Loaded RJ6 2024-06-01
✓ Loaded RJ6 2024-07-01
✓ Loaded RJ6 2024-08-01
✓ Loaded RJ6 2024-09-01
✓ Loaded RJ6 2024-10-01
✓ Loaded RJ6 2024-11-01
✓ Loaded RJ6 2024-12-01
✓ Loaded RJ6 2025-01-01
✓ Loaded RJ6 2025-02-01
✓ Loaded RJ6 2025-03-01
✓ Loaded RJ6 2025-04-01
✓ Loaded RJ6 2025-05-01
✓ Loaded RJ6 2025-06-01
✓ Loaded RJ6 2025-07-01
✓ Loaded RJ7 2024-04-01
✓ Loaded RJ7 2024-05-01
✓ Loaded RJ7 2024-06-01
✓ Loaded RJ7 2024-07-01
✓ Loaded RJ7 2024-08-01
✓ Loaded RJ7 2024-09-01
✓ Loaded RJ7 2024-10-01
✓ Loaded RJ7 2024-11-01
✓ Loaded RJ7 2024-12-01
✓ Loaded RJ7 2025-01-01
✓ Loaded RJ7 2025-02-01
✓ Loaded RJ7 2025-03-01
✓ Loaded RJ7 2025-04-01
✓ Loaded RJ7 2025-05-01
✓ Loaded RJ7 2025-06-01
✓ Loaded RJ7 2025-07-01
✓ Loaded RJC 2024-04-01
✓ Loaded RJC 2024-05-01
✓ Loaded RJC 2024-06-01
✓ Loaded RJC 2024-07-01
✓ Loaded RJC 2024-08-01
✓ Loaded RJC 2024-09-01
✓ Loaded RJC 2024-10-01
✓ Loaded RJC 2024-11-01
✓ Loaded RJC 2024-12-01
✓ Loaded RJC 2025-01-01
✓ Loaded RJC 2025-02-01
✓ Loaded RJC 2025-03-01
✓ Loaded RJC 2025-04-01
✓ Loaded RJC 2025-05-01
✓ Loaded RJC 2025-06-01
✓ Loaded RJC 2025-07-01
✓ Loaded RJE 2024-04-01
✓ Loaded RJE 2024-05-01
✓ Loaded RJE 2024-06-01
✓ Loaded RJE 2024-07-01
✓ Loaded RJE 2024-08-01
✓ Loaded RJE 2024-09-01
✓ Loaded RJE 2024-10-01
✓ Loaded RJE 2024-11-01
✓ Loaded RJE 2024-12-01
✓ Loaded RJE 2025-01-01
✓ Loaded RJE 2025-02-01
✓ Loaded RJE 2025-03-01
✓ Loaded RJE 2025-04-01
✓ Loaded RJE 2025-05-01
✓ Loaded RJE 2025-06-01
✓ Loaded RJE 2025-07-01
✓ Loaded RJL 2024-04-01
✓ Loaded RJL 2024-05-01
✓ Loaded RJL 2024-06-01
✓ Loaded RJL 2024-07-01
✓ Loaded RJL 2024-08-01
✓ Loaded RJL 2024-09-01
✓ Loaded RJL 2024-10-01
✓ Loaded RJL 2024-11-01
✓ Loaded RJL 2024-12-01
✓ Loaded RJL 2025-01-01
✓ Loaded RJL 2025-02-01
✓ Loaded RJL 2025-03-01
✓ Loaded RJL 2025-04-01
✓ Loaded RJL 2025-05-01
✓ Loaded RJL 2025-06-01
✓ Loaded RJL 2025-07-01
✓ Loaded RJN 2024-04-01
✓ Loaded RJN 2024-05-01
✓ Loaded RJN 2024-06-01
✓ Loaded RJN 2024-07-01
✓ Loaded RJN 2024-08-01
✓ Loaded RJN 2024-09-01
✓ Loaded RJN 2024-10-01
✓ Loaded RJN 2024-11-01
✓ Loaded RJN 2024-12-01
✓ Loaded RJN 2025-01-01
✓ Loaded RJN 2025-02-01
✓ Loaded RJN 2025-03-01
✓ Loaded RJN 2025-04-01
✓ Loaded RJN 2025-05-01
✓ Loaded RJN 2025-06-01
✓ Loaded RJN 2025-07-01
✓ Loaded RJZ 2024-04-01
✓ Loaded RJZ 2024-05-01
✓ Loaded RJZ 2024-06-01
✓ Loaded RJZ 2024-07-01
✓ Loaded RJZ 2024-08-01
✓ Loaded RJZ 2024-09-01
✓ Loaded RJZ 2024-10-01
✓ Loaded RJZ 2024-11-01
✓ Loaded RJZ 2024-12-01
✓ Loaded RJZ 2025-01-01
✓ Loaded RJZ 2025-02-01
✓ Loaded RJZ 2025-03-01
✓ Loaded RJZ 2025-04-01
✓ Loaded RJZ 2025-05-01
✓ Loaded RJZ 2025-06-01
✓ Loaded RJZ 2025-07-01
✓ Loaded RK5 2024-04-01
✓ Loaded RK5 2024-05-01
✓ Loaded RK5 2024-06-01
✓ Loaded RK5 2024-07-01
✓ Loaded RK5 2024-08-01
✓ Loaded RK5 2024-09-01
✓ Loaded RK5 2024-10-01
✓ Loaded RK5 2024-11-01
✓ Loaded RK5 2024-12-01
✓ Loaded RK5 2025-01-01
✓ Loaded RK5 2025-02-01
✓ Loaded RK5 2025-03-01
✓ Loaded RK5 2025-04-01
✓ Loaded RK5 2025-05-01
✓ Loaded RK5 2025-06-01
✓ Loaded RK5 2025-07-01
✓ Loaded RK9 2024-04-01
✓ Loaded RK9 2024-05-01
✓ Loaded RK9 2024-06-01
✓ Loaded RK9 2024-07-01
✓ Loaded RK9 2024-08-01
✓ Loaded RK9 2024-09-01
✓ Loaded RK9 2024-10-01
✓ Loaded RK9 2024-11-01
✓ Loaded RK9 2024-12-01
✓ Loaded RK9 2025-01-01
✓ Loaded RK9 2025-02-01
✓ Loaded RK9 2025-03-01
✓ Loaded RK9 2025-04-01
✓ Loaded RK9 2025-05-01
✓ Loaded RK9 2025-06-01
✓ Loaded RK9 2025-07-01
✓ Loaded RKB 2024-04-01
✓ Loaded RKB 2024-05-01
✓ Loaded RKB 2024-06-01
✓ Loaded RKB 2024-07-01
✓ Loaded RKB 2024-08-01
✓ Loaded RKB 2024-09-01
✓ Loaded RKB 2024-10-01
✓ Loaded RKB 2024-11-01
✓ Loaded RKB 2024-12-01
✓ Loaded RKB 2025-01-01
✓ Loaded RKB 2025-02-01
✓ Loaded RKB 2025-03-01
✓ Loaded RKB 2025-04-01
✓ Loaded RKB 2025-05-01
✓ Loaded RKB 2025-06-01
✓ Loaded RKB 2025-07-01
✓ Loaded RKE 2024-04-01
✓ Loaded RKE 2024-05-01
✓ Loaded RKE 2024-06-01
✓ Loaded RKE 2024-07-01
✓ Loaded RKE 2024-08-01
✓ Loaded RKE 2024-09-01
✓ Loaded RKE 2024-10-01
✓ Loaded RKE 2024-11-01
✓ Loaded RKE 2024-12-01
✓ Loaded RKE 2025-01-01
✓ Loaded RKE 2025-02-01
✓ Loaded RKE 2025-03-01
✓ Loaded RKE 2025-04-01
✓ Loaded RKE 2025-05-01
✓ Loaded RKE 2025-06-01
✓ Loaded RKE 2025-07-01
✓ Loaded RL4 2024-04-01
✓ Loaded RL4 2024-05-01
✓ Loaded RL4 2024-06-01
✓ Loaded RL4 2024-07-01
✓ Loaded RL4 2024-08-01
✓ Loaded RL4 2024-09-01
✓ Loaded RL4 2024-10-01
✓ Loaded RL4 2024-11-01
✓ Loaded RL4 2024-12-01
✓ Loaded RL4 2025-01-01
✓ Loaded RL4 2025-02-01
✓ Loaded RL4 2025-03-01
✓ Loaded RL4 2025-04-01
✓ Loaded RL4 2025-05-01
✓ Loaded RL4 2025-06-01
✓ Loaded RL4 2025-07-01
✓ Loaded RLQ 2024-04-01
✓ Loaded RLQ 2024-05-01
✓ Loaded RLQ 2024-06-01
✓ Loaded RLQ 2024-07-01
✓ Loaded RLQ 2024-08-01
✓ Loaded RLQ 2024-09-01
✓ Loaded RLQ 2024-10-01
✓ Loaded RLQ 2024-11-01
✓ Loaded RLQ 2024-12-01
✓ Loaded RLQ 2025-01-01
✓ Loaded RLQ 2025-02-01
✓ Loaded RLQ 2025-03-01
✓ Loaded RLQ 2025-04-01
✓ Loaded RLQ 2025-05-01
✓ Loaded RLQ 2025-06-01
✓ Loaded RLQ 2025-07-01
✓ Loaded RLT 2024-04-01
✓ Loaded RLT 2024-05-01
✓ Loaded RLT 2024-06-01
✓ Loaded RLT 2024-07-01
✓ Loaded RLT 2024-08-01
✓ Loaded RLT 2024-09-01
✓ Loaded RLT 2024-10-01
✓ Loaded RLT 2024-11-01
✓ Loaded RLT 2024-12-01
✓ Loaded RLT 2025-01-01
✓ Loaded RLT 2025-02-01
✓ Loaded RLT 2025-03-01
✓ Loaded RLT 2025-04-01
✓ Loaded RLT 2025-05-01
✓ Loaded RLT 2025-06-01
✓ Loaded RLT 2025-07-01
✓ Loaded RM1 2024-04-01
✓ Loaded RM1 2024-05-01
✓ Loaded RM1 2024-06-01
✓ Loaded RM1 2024-07-01
✓ Loaded RM1 2024-08-01
✓ Loaded RM1 2024-09-01
✓ Loaded RM1 2024-10-01
✓ Loaded RM1 2024-11-01
✓ Loaded RM1 2024-12-01
✓ Loaded RM1 2025-01-01
✓ Loaded RM1 2025-02-01
✓ Loaded RM1 2025-03-01
✓ Loaded RM1 2025-04-01
✓ Loaded RM1 2025-05-01
✓ Loaded RM1 2025-06-01
✓ Loaded RM1 2025-07-01
✓ Loaded RMC 2024-04-01
✓ Loaded RMC 2024-05-01
✓ Loaded RMC 2024-06-01
✓ Loaded RMC 2024-07-01
✓ Loaded RMC 2024-08-01
✓ Loaded RMC 2024-09-01
✓ Loaded RMC 2024-10-01
✓ Loaded RMC 2024-11-01
✓ Loaded RMC 2024-12-01
✓ Loaded RMC 2025-01-01
✓ Loaded RMC 2025-02-01
✓ Loaded RMC 2025-03-01
✓ Loaded RMC 2025-04-01
✓ Loaded RMC 2025-05-01
✓ Loaded RMC 2025-06-01
✓ Loaded RMC 2025-07-01
✓ Loaded RMP 2024-04-01
✓ Loaded RMP 2024-05-01
✓ Loaded RMP 2024-06-01
✓ Loaded RMP 2024-07-01
✓ Loaded RMP 2024-08-01
✓ Loaded RMP 2024-09-01
✓ Loaded RMP 2024-10-01
✓ Loaded RMP 2024-11-01
✓ Loaded RMP 2024-12-01
✓ Loaded RMP 2025-01-01
✓ Loaded RMP 2025-02-01
✓ Loaded RMP 2025-03-01
✓ Loaded RMP 2025-04-01
✓ Loaded RMP 2025-05-01
✓ Loaded RMP 2025-06-01
✓ Loaded RMP 2025-07-01
✓ Loaded RN3 2024-04-01
✓ Loaded RN3 2024-05-01
✓ Loaded RN3 2024-06-01
✓ Loaded RN3 2024-07-01
✓ Loaded RN3 2024-08-01
✓ Loaded RN3 2024-09-01
✓ Loaded RN3 2024-10-01
✓ Loaded RN3 2024-11-01
✓ Loaded RN3 2024-12-01
✓ Loaded RN3 2025-01-01
✓ Loaded RN3 2025-02-01
✓ Loaded RN3 2025-03-01
✓ Loaded RN3 2025-04-01
✓ Loaded RN3 2025-05-01
✓ Loaded RN3 2025-06-01
✓ Loaded RN3 2025-07-01
✓ Loaded RN5 2024-04-01
✓ Loaded RN5 2024-05-01
✓ Loaded RN5 2024-06-01
✓ Loaded RN5 2024-07-01
✓ Loaded RN5 2024-08-01
✓ Loaded RN5 2024-09-01
✓ Loaded RN5 2024-10-01
✓ Loaded RN5 2024-11-01
✓ Loaded RN5 2024-12-01
✓ Loaded RN5 2025-01-01
✓ Loaded RN5 2025-02-01
✓ Loaded RN5 2025-03-01
✓ Loaded RN5 2025-04-01
✓ Loaded RN5 2025-05-01
✓ Loaded RN5 2025-06-01
✓ Loaded RN5 2025-07-01
✓ Loaded RN7 2024-04-01
✓ Loaded RN7 2024-05-01
✓ Loaded RN7 2024-06-01
✓ Loaded RN7 2024-07-01
✓ Loaded RN7 2024-08-01
✓ Loaded RN7 2024-09-01
✓ Loaded RN7 2024-10-01
✓ Loaded RN7 2024-11-01
✓ Loaded RN7 2024-12-01
✓ Loaded RN7 2025-01-01
✓ Loaded RN7 2025-02-01
✓ Loaded RN7 2025-03-01
✓ Loaded RN7 2025-04-01
✓ Loaded RN7 2025-05-01
✓ Loaded RN7 2025-06-01
✓ Loaded RN7 2025-07-01
✓ Loaded RNA 2024-04-01
✓ Loaded RNA 2024-05-01
✓ Loaded RNA 2024-06-01
✓ Loaded RNA 2024-07-01
✓ Loaded RNA 2024-08-01
✓ Loaded RNA 2024-09-01
✓ Loaded RNA 2024-10-01
✓ Loaded RNA 2024-11-01
✓ Loaded RNA 2024-12-01
✓ Loaded RNA 2025-01-01
✓ Loaded RNA 2025-02-01
✓ Loaded RNA 2025-03-01
✓ Loaded RNA 2025-04-01
✓ Loaded RNA 2025-05-01
✓ Loaded RNA 2025-06-01
✓ Loaded RNA 2025-07-01
✓ Loaded RNN 2024-04-01
✓ Loaded RNN 2024-05-01
✓ Loaded RNN 2024-06-01
✓ Loaded RNN 2024-07-01
✓ Loaded RNN 2024-08-01
✓ Loaded RNN 2024-09-01
✓ Loaded RNN 2024-10-01
✓ Loaded RNN 2024-11-01
✓ Loaded RNN 2024-12-01
✓ Loaded RNN 2025-01-01
✓ Loaded RNN 2025-02-01
✓ Loaded RNN 2025-03-01
✓ Loaded RNN 2025-04-01
✓ Loaded RNN 2025-05-01
✓ Loaded RNN 2025-06-01
✓ Loaded RNN 2025-07-01
✓ Loaded RNQ 2024-04-01
✓ Loaded RNQ 2024-05-01
✓ Loaded RNQ 2024-06-01
✓ Loaded RNQ 2024-07-01
✓ Loaded RNQ 2024-08-01
✓ Loaded RNQ 2024-09-01
✓ Loaded RNQ 2024-10-01
✓ Loaded RNQ 2024-11-01
✓ Loaded RNQ 2024-12-01
✓ Loaded RNQ 2025-01-01
✓ Loaded RNQ 2025-02-01
✓ Loaded RNQ 2025-03-01
✓ Loaded RNQ 2025-04-01
✓ Loaded RNQ 2025-05-01
✓ Loaded RNQ 2025-06-01
✓ Loaded RNQ 2025-07-01
✓ Loaded RNS 2024-04-01
✓ Loaded RNS 2024-05-01
✓ Loaded RNS 2024-06-01
✓ Loaded RNS 2024-07-01
✓ Loaded RNS 2024-08-01
✓ Loaded RNS 2024-09-01
✓ Loaded RNS 2024-10-01
✓ Loaded RNS 2024-11-01
✓ Loaded RNS 2024-12-01
✓ Loaded RNS 2025-01-01
✓ Loaded RNS 2025-02-01
✓ Loaded RNS 2025-03-01
✓ Loaded RNS 2025-04-01
✓ Loaded RNS 2025-05-01
✓ Loaded RNS 2025-06-01
✓ Loaded RNS 2025-07-01
✓ Loaded RNZ 2024-04-01
✓ Loaded RNZ 2024-05-01
✓ Loaded RNZ 2024-06-01
✓ Loaded RNZ 2024-07-01
✓ Loaded RNZ 2024-08-01
✓ Loaded RNZ 2024-09-01
✓ Loaded RNZ 2024-10-01
✓ Loaded RNZ 2024-11-01
✓ Loaded RNZ 2024-12-01
✓ Loaded RNZ 2025-01-01
✓ Loaded RNZ 2025-02-01
✓ Loaded RNZ 2025-03-01
✓ Loaded RNZ 2025-04-01
✓ Loaded RNZ 2025-05-01
✓ Loaded RNZ 2025-06-01
✓ Loaded RNZ 2025-07-01
✓ Loaded RP5 2024-04-01
✓ Loaded RP5 2024-05-01
✓ Loaded RP5 2024-06-01
✓ Loaded RP5 2024-07-01
✓ Loaded RP5 2024-08-01
✓ Loaded RP5 2024-09-01
✓ Loaded RP5 2024-10-01
✓ Loaded RP5 2024-11-01
✓ Loaded RP5 2024-12-01
✓ Loaded RP5 2025-01-01
✓ Loaded RP5 2025-02-01
✓ Loaded RP5 2025-03-01
✓ Loaded RP5 2025-04-01
✓ Loaded RP5 2025-05-01
✓ Loaded RP5 2025-06-01
✓ Loaded RP5 2025-07-01
✓ Loaded RPA 2024-04-01
✓ Loaded RPA 2024-05-01
✓ Loaded RPA 2024-06-01
✓ Loaded RPA 2024-07-01
✓ Loaded RPA 2024-08-01
✓ Loaded RPA 2024-09-01
✓ Loaded RPA 2024-10-01
✓ Loaded RPA 2024-11-01
✓ Loaded RPA 2024-12-01
✓ Loaded RPA 2025-01-01
✓ Loaded RPA 2025-02-01
✓ Loaded RPA 2025-03-01
✓ Loaded RPA 2025-04-01
✓ Loaded RPA 2025-05-01
✓ Loaded RPA 2025-06-01
✓ Loaded RPA 2025-07-01
✓ Loaded RPY 2024-04-01
✓ Loaded RPY 2024-05-01
✓ Loaded RPY 2024-06-01
✓ Loaded RPY 2024-07-01
✓ Loaded RPY 2024-08-01
✓ Loaded RPY 2024-09-01
✓ Loaded RPY 2024-10-01
✓ Loaded RPY 2024-11-01
✓ Loaded RPY 2024-12-01
✓ Loaded RPY 2025-01-01
✓ Loaded RPY 2025-02-01
✓ Loaded RPY 2025-03-01
✓ Loaded RPY 2025-04-01
✓ Loaded RPY 2025-05-01
✓ Loaded RPY 2025-06-01
✓ Loaded RPY 2025-07-01
✓ Loaded RQM 2024-04-01
✓ Loaded RQM 2024-05-01
✓ Loaded RQM 2024-06-01
✓ Loaded RQM 2024-07-01
✓ Loaded RQM 2024-08-01
✓ Loaded RQM 2024-09-01
✓ Loaded RQM 2024-10-01
✓ Loaded RQM 2024-11-01
✓ Loaded RQM 2024-12-01
✓ Loaded RQM 2025-01-01
✓ Loaded RQM 2025-02-01
✓ Loaded RQM 2025-03-01
✓ Loaded RQM 2025-04-01
✓ Loaded RQM 2025-05-01
✓ Loaded RQM 2025-06-01
✓ Loaded RQM 2025-07-01
✓ Loaded RQW 2024-04-01
✓ Loaded RQW 2024-05-01
✓ Loaded RQW 2024-06-01
✓ Loaded RQW 2024-07-01
✓ Loaded RQW 2024-08-01
✓ Loaded RQW 2024-09-01
✓ Loaded RQW 2024-10-01
✓ Loaded RQW 2024-11-01
✓ Loaded RQW 2024-12-01
✓ Loaded RQW 2025-01-01
✓ Loaded RQW 2025-02-01
✓ Loaded RQW 2025-03-01
✓ Loaded RQW 2025-04-01
✓ Loaded RQW 2025-05-01
✓ Loaded RQW 2025-06-01
✓ Loaded RQW 2025-07-01
✓ Loaded RQX 2024-04-01
✓ Loaded RQX 2024-05-01
✓ Loaded RQX 2024-06-01
✓ Loaded RQX 2024-07-01
✓ Loaded RQX 2024-08-01
✓ Loaded RQX 2024-09-01
✓ Loaded RQX 2024-10-01
✓ Loaded RQX 2024-11-01
✓ Loaded RQX 2024-12-01
✓ Loaded RQX 2025-01-01
✓ Loaded RQX 2025-02-01
✓ Loaded RQX 2025-03-01
✓ Loaded RQX 2025-04-01
✓ Loaded RQX 2025-05-01
✓ Loaded RQX 2025-06-01
✓ Loaded RQX 2025-07-01
✓ Loaded RR7 2024-04-01
✓ Loaded RR7 2024-05-01
✓ Loaded RR7 2024-06-01
✓ Loaded RR7 2024-07-01
✓ Loaded RR7 2024-08-01
✓ Loaded RR7 2024-09-01
✓ Loaded RR7 2024-10-01
✓ Loaded RR7 2024-11-01
✓ Loaded RR7 2024-12-01
✓ Loaded RR7 2025-01-01
✓ Loaded RR7 2025-02-01
✓ Loaded RR7 2025-03-01
✓ Loaded RR7 2025-04-01
✓ Loaded RR7 2025-05-01
✓ Loaded RR7 2025-06-01
✓ Loaded RR7 2025-07-01
✓ Loaded RR8 2024-04-01
✓ Loaded RR8 2024-05-01
✓ Loaded RR8 2024-06-01
✓ Loaded RR8 2024-07-01
✓ Loaded RR8 2024-08-01
✓ Loaded RR8 2024-09-01
✓ Loaded RR8 2024-10-01
✓ Loaded RR8 2024-11-01
✓ Loaded RR8 2024-12-01
✓ Loaded RR8 2025-01-01
✓ Loaded RR8 2025-02-01
✓ Loaded RR8 2025-03-01
✓ Loaded RR8 2025-04-01
✓ Loaded RR8 2025-05-01
✓ Loaded RR8 2025-06-01
✓ Loaded RR8 2025-07-01
✓ Loaded RRF 2024-04-01
✓ Loaded RRF 2024-05-01
✓ Loaded RRF 2024-06-01
✓ Loaded RRF 2024-07-01
✓ Loaded RRF 2024-08-01
✓ Loaded RRF 2024-09-01
✓ Loaded RRF 2024-10-01
✓ Loaded RRF 2024-11-01
✓ Loaded RRF 2024-12-01
✓ Loaded RRF 2025-01-01
✓ Loaded RRF 2025-02-01
✓ Loaded RRF 2025-03-01
✓ Loaded RRF 2025-04-01
✓ Loaded RRF 2025-05-01
✓ Loaded RRF 2025-06-01
✓ Loaded RRF 2025-07-01
✓ Loaded RRK 2024-04-01
✓ Loaded RRK 2024-05-01
✓ Loaded RRK 2024-06-01
✓ Loaded RRK 2024-07-01
✓ Loaded RRK 2024-08-01
✓ Loaded RRK 2024-09-01
✓ Loaded RRK 2024-10-01
✓ Loaded RRK 2024-11-01
✓ Loaded RRK 2024-12-01
✓ Loaded RRK 2025-01-01
✓ Loaded RRK 2025-02-01
✓ Loaded RRK 2025-03-01
✓ Loaded RRK 2025-04-01
✓ Loaded RRK 2025-05-01
✓ Loaded RRK 2025-06-01
✓ Loaded RRK 2025-07-01
✓ Loaded RRV 2024-04-01
✓ Loaded RRV 2024-05-01
✓ Loaded RRV 2024-06-01
✓ Loaded RRV 2024-07-01
✓ Loaded RRV 2024-08-01
✓ Loaded RRV 2024-09-01
✓ Loaded RRV 2024-10-01
✓ Loaded RRV 2024-11-01
✓ Loaded RRV 2024-12-01
✓ Loaded RRV 2025-01-01
✓ Loaded RRV 2025-02-01
✓ Loaded RRV 2025-03-01
✓ Loaded RRV 2025-04-01
✓ Loaded RRV 2025-05-01
✓ Loaded RRV 2025-06-01
✓ Loaded RRV 2025-07-01
✓ Loaded RTD 2024-04-01
✓ Loaded RTD 2024-05-01
✓ Loaded RTD 2024-06-01
✓ Loaded RTD 2024-07-01
✓ Loaded RTD 2024-08-01
✓ Loaded RTD 2024-09-01
✓ Loaded RTD 2024-10-01
✓ Loaded RTD 2024-11-01
✓ Loaded RTD 2024-12-01
✓ Loaded RTD 2025-01-01
✓ Loaded RTD 2025-02-01
✓ Loaded RTD 2025-03-01
✓ Loaded RTD 2025-04-01
✓ Loaded RTD 2025-05-01
✓ Loaded RTD 2025-06-01
✓ Loaded RTD 2025-07-01
✓ Loaded RTE 2024-04-01
✓ Loaded RTE 2024-05-01
✓ Loaded RTE 2024-06-01
✓ Loaded RTE 2024-07-01
✓ Loaded RTE 2024-08-01
✓ Loaded RTE 2024-09-01
✓ Loaded RTE 2024-10-01
✓ Loaded RTE 2024-11-01
✓ Loaded RTE 2024-12-01
✓ Loaded RTE 2025-01-01
✓ Loaded RTE 2025-02-01
✓ Loaded RTE 2025-03-01
✓ Loaded RTE 2025-04-01
✓ Loaded RTE 2025-05-01
✓ Loaded RTE 2025-06-01
✓ Loaded RTE 2025-07-01
✓ Loaded RTF 2024-04-01
✓ Loaded RTF 2024-05-01
✓ Loaded RTF 2024-06-01
✓ Loaded RTF 2024-07-01
✓ Loaded RTF 2024-08-01
✓ Loaded RTF 2024-09-01
✓ Loaded RTF 2024-10-01
✓ Loaded RTF 2024-11-01
✓ Loaded RTF 2024-12-01
✓ Loaded RTF 2025-01-01
✓ Loaded RTF 2025-02-01
✓ Loaded RTF 2025-03-01
✓ Loaded RTF 2025-04-01
✓ Loaded RTF 2025-05-01
✓ Loaded RTF 2025-06-01
✓ Loaded RTF 2025-07-01
✓ Loaded RTG 2024-04-01
✓ Loaded RTG 2024-05-01
✓ Loaded RTG 2024-06-01
✓ Loaded RTG 2024-07-01
✓ Loaded RTG 2024-08-01
✓ Loaded RTG 2024-09-01
✓ Loaded RTG 2024-10-01
✓ Loaded RTG 2024-11-01
✓ Loaded RTG 2024-12-01
✓ Loaded RTG 2025-01-01
✓ Loaded RTG 2025-02-01
✓ Loaded RTG 2025-03-01
✓ Loaded RTG 2025-04-01
✓ Loaded RTG 2025-05-01
✓ Loaded RTG 2025-06-01
✓ Loaded RTG 2025-07-01
✓ Loaded RTH 2024-04-01
✓ Loaded RTH 2024-05-01
✓ Loaded RTH 2024-06-01
✓ Loaded RTH 2024-07-01
✓ Loaded RTH 2024-08-01
✓ Loaded RTH 2024-09-01
✓ Loaded RTH 2024-10-01
✓ Loaded RTH 2024-11-01
✓ Loaded RTH 2024-12-01
✓ Loaded RTH 2025-01-01
✓ Loaded RTH 2025-02-01
✓ Loaded RTH 2025-03-01
✓ Loaded RTH 2025-04-01
✓ Loaded RTH 2025-05-01
✓ Loaded RTH 2025-06-01
✓ Loaded RTH 2025-07-01
✓ Loaded RTK 2024-04-01
✓ Loaded RTK 2024-05-01
✓ Loaded RTK 2024-06-01
✓ Loaded RTK 2024-07-01
✓ Loaded RTK 2024-08-01
✓ Loaded RTK 2024-09-01
✓ Loaded RTK 2024-10-01
✓ Loaded RTK 2024-11-01
✓ Loaded RTK 2024-12-01
✓ Loaded RTK 2025-01-01
✓ Loaded RTK 2025-02-01
✓ Loaded RTK 2025-03-01
✓ Loaded RTK 2025-04-01
✓ Loaded RTK 2025-05-01
✓ Loaded RTK 2025-06-01
✓ Loaded RTK 2025-07-01
✓ Loaded RTP 2024-04-01
✓ Loaded RTP 2024-05-01
✓ Loaded RTP 2024-06-01
✓ Loaded RTP 2024-07-01
✓ Loaded RTP 2024-08-01
✓ Loaded RTP 2024-09-01
✓ Loaded RTP 2024-10-01
✓ Loaded RTP 2024-11-01
✓ Loaded RTP 2024-12-01
✓ Loaded RTP 2025-01-01
✓ Loaded RTP 2025-02-01
✓ Loaded RTP 2025-03-01
✓ Loaded RTP 2025-04-01
✓ Loaded RTP 2025-05-01
✓ Loaded RTP 2025-06-01
✓ Loaded RTP 2025-07-01
✓ Loaded RTR 2024-04-01
✓ Loaded RTR 2024-05-01
✓ Loaded RTR 2024-06-01
✓ Loaded RTR 2024-07-01
✓ Loaded RTR 2024-08-01
✓ Loaded RTR 2024-09-01
✓ Loaded RTR 2024-10-01
✓ Loaded RTR 2024-11-01
✓ Loaded RTR 2024-12-01
✓ Loaded RTR 2025-01-01
✓ Loaded RTR 2025-02-01
✓ Loaded RTR 2025-03-01
✓ Loaded RTR 2025-04-01
✓ Loaded RTR 2025-05-01
✓ Loaded RTR 2025-06-01
✓ Loaded RTR 2025-07-01
✓ Loaded RTX 2024-04-01
✓ Loaded RTX 2024-05-01
✓ Loaded RTX 2024-06-01
✓ Loaded RTX 2024-07-01
✓ Loaded RTX 2024-08-01
✓ Loaded RTX 2024-09-01
✓ Loaded RTX 2024-10-01
✓ Loaded RTX 2024-11-01
✓ Loaded RTX 2024-12-01
✓ Loaded RTX 2025-01-01
✓ Loaded RTX 2025-02-01
✓ Loaded RTX 2025-03-01
✓ Loaded RTX 2025-04-01
✓ Loaded RTX 2025-05-01
✓ Loaded RTX 2025-06-01
✓ Loaded RTX 2025-07-01
✓ Loaded RVJ 2024-04-01
✓ Loaded RVJ 2024-05-01
✓ Loaded RVJ 2024-06-01
✓ Loaded RVJ 2024-07-01
✓ Loaded RVJ 2024-08-01
✓ Loaded RVJ 2024-09-01
✓ Loaded RVJ 2024-10-01
✓ Loaded RVJ 2024-11-01
✓ Loaded RVJ 2024-12-01
✓ Loaded RVJ 2025-01-01
✓ Loaded RVJ 2025-02-01
✓ Loaded RVJ 2025-03-01
✓ Loaded RVJ 2025-04-01
✓ Loaded RVJ 2025-05-01
✓ Loaded RVJ 2025-06-01
✓ Loaded RVJ 2025-07-01
✓ Loaded RVV 2024-04-01
✓ Loaded RVV 2024-05-01
✓ Loaded RVV 2024-06-01
✓ Loaded RVV 2024-07-01
✓ Loaded RVV 2024-08-01
✓ Loaded RVV 2024-09-01
✓ Loaded RVV 2024-10-01
✓ Loaded RVV 2024-11-01
✓ Loaded RVV 2024-12-01
✓ Loaded RVV 2025-01-01
✓ Loaded RVV 2025-02-01
✓ Loaded RVV 2025-03-01
✓ Loaded RVV 2025-04-01
✓ Loaded RVV 2025-05-01
✓ Loaded RVV 2025-06-01
✓ Loaded RVV 2025-07-01
✓ Loaded RVW 2024-04-01
✓ Loaded RVW 2024-05-01
✓ Loaded RVW 2024-06-01
✓ Loaded RVW 2024-07-01
✓ Loaded RVW 2024-08-01
✓ Loaded RVW 2024-09-01
✓ Loaded RVW 2024-10-01
✓ Loaded RVW 2024-11-01
✓ Loaded RVW 2024-12-01
✓ Loaded RVW 2025-01-01
✓ Loaded RVW 2025-02-01
✓ Loaded RVW 2025-03-01
✓ Loaded RVW 2025-04-01
✓ Loaded RVW 2025-05-01
✓ Loaded RVW 2025-06-01
✓ Loaded RVW 2025-07-01
✓ Loaded RWA 2024-04-01
✓ Loaded RWA 2024-05-01
✓ Loaded RWA 2024-06-01
✓ Loaded RWA 2024-07-01
✓ Loaded RWA 2024-08-01
✓ Loaded RWA 2024-09-01
✓ Loaded RWA 2024-10-01
✓ Loaded RWA 2024-11-01
✓ Loaded RWA 2024-12-01
✓ Loaded RWA 2025-01-01
✓ Loaded RWA 2025-02-01
✓ Loaded RWA 2025-03-01
✓ Loaded RWA 2025-04-01
✓ Loaded RWA 2025-05-01
✓ Loaded RWA 2025-06-01
✓ Loaded RWA 2025-07-01
✓ Loaded RWD 2024-04-01
✓ Loaded RWD 2024-05-01
✓ Loaded RWD 2024-06-01
✓ Loaded RWD 2024-07-01
✓ Loaded RWD 2024-08-01
✓ Loaded RWD 2024-09-01
✓ Loaded RWD 2024-10-01
✓ Loaded RWD 2024-11-01
✓ Loaded RWD 2024-12-01
✓ Loaded RWD 2025-01-01
✓ Loaded RWD 2025-02-01
✓ Loaded RWD 2025-03-01
✓ Loaded RWD 2025-04-01
✓ Loaded RWD 2025-05-01
✓ Loaded RWD 2025-06-01
✓ Loaded RWD 2025-07-01
✓ Loaded RWE 2024-04-01
✓ Loaded RWE 2024-05-01
✓ Loaded RWE 2024-06-01
✓ Loaded RWE 2024-07-01
✓ Loaded RWE 2024-08-01
✓ Loaded RWE 2024-09-01
✓ Loaded RWE 2024-10-01
✓ Loaded RWE 2024-11-01
✓ Loaded RWE 2024-12-01
✓ Loaded RWE 2025-01-01
✓ Loaded RWE 2025-02-01
✓ Loaded RWE 2025-03-01
✓ Loaded RWE 2025-04-01
✓ Loaded RWE 2025-05-01
✓ Loaded RWE 2025-06-01
✓ Loaded RWE 2025-07-01
✓ Loaded RWF 2024-04-01
✓ Loaded RWF 2024-05-01
✓ Loaded RWF 2024-06-01
✓ Loaded RWF 2024-07-01
✓ Loaded RWF 2024-08-01
✓ Loaded RWF 2024-09-01
✓ Loaded RWF 2024-10-01
✓ Loaded RWF 2024-11-01
✓ Loaded RWF 2024-12-01
✓ Loaded RWF 2025-01-01
✓ Loaded RWF 2025-02-01
✓ Loaded RWF 2025-03-01
✓ Loaded RWF 2025-04-01
✓ Loaded RWF 2025-05-01
✓ Loaded RWF 2025-06-01
✓ Loaded RWF 2025-07-01
✓ Loaded RWG 2024-04-01
✓ Loaded RWG 2024-05-01
✓ Loaded RWG 2024-06-01
✓ Loaded RWG 2024-07-01
✓ Loaded RWG 2024-08-01
✓ Loaded RWG 2024-09-01
✓ Loaded RWG 2024-10-01
✓ Loaded RWG 2024-11-01
✓ Loaded RWG 2024-12-01
✓ Loaded RWG 2025-01-01
✓ Loaded RWG 2025-02-01
✓ Loaded RWG 2025-03-01
✓ Loaded RWG 2025-04-01
✓ Loaded RWG 2025-05-01
✓ Loaded RWG 2025-06-01
✓ Loaded RWG 2025-07-01
✓ Loaded RWH 2024-04-01
✓ Loaded RWH 2024-05-01
✓ Loaded RWH 2024-06-01
✓ Loaded RWH 2024-07-01
✓ Loaded RWH 2024-08-01
✓ Loaded RWH 2024-09-01
✓ Loaded RWH 2024-10-01
✓ Loaded RWH 2024-11-01
✓ Loaded RWH 2024-12-01
✓ Loaded RWH 2025-01-01
✓ Loaded RWH 2025-02-01
✓ Loaded RWH 2025-03-01
✓ Loaded RWH 2025-04-01
✓ Loaded RWH 2025-05-01
✓ Loaded RWH 2025-06-01
✓ Loaded RWH 2025-07-01
✓ Loaded RWP 2024-04-01
✓ Loaded RWP 2024-05-01
✓ Loaded RWP 2024-06-01
✓ Loaded RWP 2024-07-01
✓ Loaded RWP 2024-08-01
✓ Loaded RWP 2024-09-01
✓ Loaded RWP 2024-10-01
✓ Loaded RWP 2024-11-01
✓ Loaded RWP 2024-12-01
✓ Loaded RWP 2025-01-01
✓ Loaded RWP 2025-02-01
✓ Loaded RWP 2025-03-01
✓ Loaded RWP 2025-04-01
✓ Loaded RWP 2025-05-01
✓ Loaded RWP 2025-06-01
✓ Loaded RWP 2025-07-01
✓ Loaded RWY 2024-04-01
✓ Loaded RWY 2024-05-01
✓ Loaded RWY 2024-06-01
✓ Loaded RWY 2024-07-01
✓ Loaded RWY 2024-08-01
✓ Loaded RWY 2024-09-01
✓ Loaded RWY 2024-10-01
✓ Loaded RWY 2024-11-01
✓ Loaded RWY 2024-12-01
✓ Loaded RWY 2025-01-01
✓ Loaded RWY 2025-02-01
✓ Loaded RWY 2025-03-01
✓ Loaded RWY 2025-04-01
✓ Loaded RWY 2025-05-01
✓ Loaded RWY 2025-06-01
✓ Loaded RWY 2025-07-01
✓ Loaded RX1 2024-04-01
✓ Loaded RX1 2024-05-01
✓ Loaded RX1 2024-06-01
✓ Loaded RX1 2024-07-01
✓ Loaded RX1 2024-08-01
✓ Loaded RX1 2024-09-01
✓ Loaded RX1 2024-10-01
✓ Loaded RX1 2024-11-01
✓ Loaded RX1 2024-12-01
✓ Loaded RX1 2025-01-01
✓ Loaded RX1 2025-02-01
✓ Loaded RX1 2025-03-01
✓ Loaded RX1 2025-04-01
✓ Loaded RX1 2025-05-01
✓ Loaded RX1 2025-06-01
✓ Loaded RX1 2025-07-01
✓ Loaded RXC 2024-04-01
✓ Loaded RXC 2024-05-01
✓ Loaded RXC 2024-06-01
✓ Loaded RXC 2024-07-01
✓ Loaded RXC 2024-08-01
✓ Loaded RXC 2024-09-01
✓ Loaded RXC 2024-10-01
✓ Loaded RXC 2024-11-01
✓ Loaded RXC 2024-12-01
✓ Loaded RXC 2025-01-01
✓ Loaded RXC 2025-02-01
✓ Loaded RXC 2025-03-01
✓ Loaded RXC 2025-04-01
✓ Loaded RXC 2025-05-01
✓ Loaded RXC 2025-06-01
✓ Loaded RXC 2025-07-01
✓ Loaded RXF 2024-04-01
✓ Loaded RXF 2024-05-01
✓ Loaded RXF 2024-06-01
✓ Loaded RXF 2024-07-01
✓ Loaded RXF 2024-08-01
✓ Loaded RXF 2024-09-01
✓ Loaded RXF 2024-10-01
✓ Loaded RXF 2024-11-01
✓ Loaded RXF 2024-12-01
✓ Loaded RXF 2025-01-01
✓ Loaded RXF 2025-02-01
✓ Loaded RXF 2025-03-01
✓ Loaded RXF 2025-04-01
✓ Loaded RXF 2025-05-01
✓ Loaded RXF 2025-06-01
✓ Loaded RXF 2025-07-01
✓ Loaded RXK 2024-04-01
✓ Loaded RXK 2024-05-01
✓ Loaded RXK 2024-06-01
✓ Loaded RXK 2024-07-01
✓ Loaded RXK 2024-08-01
✓ Loaded RXK 2024-09-01
✓ Loaded RXK 2024-10-01
✓ Loaded RXK 2024-11-01
✓ Loaded RXK 2024-12-01
✓ Loaded RXK 2025-01-01
✓ Loaded RXK 2025-02-01
✓ Loaded RXK 2025-03-01
✓ Loaded RXK 2025-04-01
✓ Loaded RXK 2025-05-01
✓ Loaded RXK 2025-06-01
✓ Loaded RXK 2025-07-01
✓ Loaded RXL 2024-04-01
✓ Loaded RXL 2024-05-01
✓ Loaded RXL 2024-06-01
✓ Loaded RXL 2024-07-01
✓ Loaded RXL 2024-08-01
✓ Loaded RXL 2024-09-01
✓ Loaded RXL 2024-10-01
✓ Loaded RXL 2024-11-01
✓ Loaded RXL 2024-12-01
✓ Loaded RXL 2025-01-01
✓ Loaded RXL 2025-02-01
✓ Loaded RXL 2025-03-01
✓ Loaded RXL 2025-04-01
✓ Loaded RXL 2025-05-01
✓ Loaded RXL 2025-06-01
✓ Loaded RXL 2025-07-01
✓ Loaded RXN 2024-04-01
✓ Loaded RXN 2024-05-01
✓ Loaded RXN 2024-06-01
✓ Loaded RXN 2024-07-01
✓ Loaded RXN 2024-08-01
✓ Loaded RXN 2024-09-01
✓ Loaded RXN 2024-10-01
✓ Loaded RXN 2024-11-01
✓ Loaded RXN 2024-12-01
✓ Loaded RXN 2025-01-01
✓ Loaded RXN 2025-02-01
✓ Loaded RXN 2025-03-01
✓ Loaded RXN 2025-04-01
✓ Loaded RXN 2025-05-01
✓ Loaded RXN 2025-06-01
✓ Loaded RXN 2025-07-01
✓ Loaded RXP 2024-04-01
✓ Loaded RXP 2024-05-01
✓ Loaded RXP 2024-06-01
✓ Loaded RXP 2024-07-01
✓ Loaded RXP 2024-08-01
✓ Loaded RXP 2024-09-01
✓ Loaded RXP 2024-10-01
✓ Loaded RXP 2024-11-01
✓ Loaded RXP 2024-12-01
✓ Loaded RXP 2025-01-01
✓ Loaded RXP 2025-02-01
✓ Loaded RXP 2025-03-01
✓ Loaded RXP 2025-04-01
✓ Loaded RXP 2025-05-01
✓ Loaded RXP 2025-06-01
✓ Loaded RXP 2025-07-01
✓ Loaded RXQ 2024-04-01
✓ Loaded RXQ 2024-05-01
✓ Loaded RXQ 2024-06-01
✓ Loaded RXQ 2024-07-01
✓ Loaded RXQ 2024-08-01
✓ Loaded RXQ 2024-09-01
✓ Loaded RXQ 2024-10-01
✓ Loaded RXQ 2024-11-01
✓ Loaded RXQ 2024-12-01
✓ Loaded RXQ 2025-01-01
✓ Loaded RXQ 2025-02-01
✓ Loaded RXQ 2025-03-01
✓ Loaded RXQ 2025-04-01
✓ Loaded RXQ 2025-05-01
✓ Loaded RXQ 2025-06-01
✓ Loaded RXQ 2025-07-01
✓ Loaded RXR 2024-04-01
✓ Loaded RXR 2024-05-01
✓ Loaded RXR 2024-06-01
✓ Loaded RXR 2024-07-01
✓ Loaded RXR 2024-08-01
✓ Loaded RXR 2024-09-01
✓ Loaded RXR 2024-10-01
✓ Loaded RXR 2024-11-01
✓ Loaded RXR 2024-12-01
✓ Loaded RXR 2025-01-01
✓ Loaded RXR 2025-02-01
✓ Loaded RXR 2025-03-01
✓ Loaded RXR 2025-04-01
✓ Loaded RXR 2025-05-01
✓ Loaded RXR 2025-06-01
✓ Loaded RXR 2025-07-01
✓ Loaded RXW 2024-04-01
✓ Loaded RXW 2024-05-01
✓ Loaded RXW 2024-06-01
✓ Loaded RXW 2024-07-01
✓ Loaded RXW 2024-08-01
✓ Loaded RXW 2024-09-01
✓ Loaded RXW 2024-10-01
✓ Loaded RXW 2024-11-01
✓ Loaded RXW 2024-12-01
✓ Loaded RXW 2025-01-01
✓ Loaded RXW 2025-02-01
✓ Loaded RXW 2025-03-01
✓ Loaded RXW 2025-04-01
✓ Loaded RXW 2025-05-01
✓ Loaded RXW 2025-06-01
✓ Loaded RXW 2025-07-01
✓ Loaded RYJ 2024-04-01
✓ Loaded RYJ 2024-05-01
✓ Loaded RYJ 2024-06-01
✓ Loaded RYJ 2024-07-01
✓ Loaded RYJ 2024-08-01
✓ Loaded RYJ 2024-09-01
✓ Loaded RYJ 2024-10-01
✓ Loaded RYJ 2024-11-01
✓ Loaded RYJ 2024-12-01
✓ Loaded RYJ 2025-01-01
✓ Loaded RYJ 2025-02-01
✓ Loaded RYJ 2025-03-01
✓ Loaded RYJ 2025-04-01
✓ Loaded RYJ 2025-05-01
✓ Loaded RYJ 2025-06-01
✓ Loaded RYJ 2025-07-01
✓ Loaded RYR 2024-04-01
✓ Loaded RYR 2024-05-01
✓ Loaded RYR 2024-06-01
✓ Loaded RYR 2024-07-01
✓ Loaded RYR 2024-08-01
✓ Loaded RYR 2024-09-01
✓ Loaded RYR 2024-10-01
✓ Loaded RYR 2024-11-01
✓ Loaded RYR 2024-12-01
✓ Loaded RYR 2025-01-01
✓ Loaded RYR 2025-02-01
✓ Loaded RYR 2025-03-01
✓ Loaded RYR 2025-04-01
✓ Loaded RYR 2025-05-01
✓ Loaded RYR 2025-06-01
✓ Loaded RYR 2025-07-01
✓ Loaded RWW 2024-04-01
✓ Loaded RWW 2024-05-01
✓ Loaded RWW 2024-06-01
✓ Loaded RWW 2024-07-01
✓ Loaded RWW 2024-08-01
✓ Loaded RWW 2024-09-01
✓ Loaded RWW 2024-10-01
✓ Loaded RWW 2024-11-01
✓ Loaded RWW 2024-12-01
✓ Loaded RWW 2025-01-01
✓ Loaded RWW 2025-02-01
✓ Loaded RWW 2025-03-01
✓ Loaded RWW 2025-04-01
✓ Loaded RWW 2025-05-01
✓ Loaded RWW 2025-06-01
✓ Loaded RWW 2025-07-01
✓ Loaded RAL 2024-04-01
✓ Loaded RAL 2024-05-01
✓ Loaded RAL 2024-06-01
✓ Loaded RAL 2024-07-01
✓ Loaded RAL 2024-08-01
✓ Loaded RAL 2024-09-01
✓ Loaded RAL 2024-10-01
✓ Loaded RAL 2024-11-01
✓ Loaded RAL 2024-12-01
✓ Loaded RAL 2025-01-01
✓ Loaded RAL 2025-02-01
✓ Loaded RAL 2025-03-01
✓ Loaded RAL 2025-04-01
✓ Loaded RAL 2025-05-01
✓ Loaded RAL 2025-06-01
✓ Loaded RAL 2025-07-01
✓ Loaded RBL 2024-04-01
✓ Loaded RBL 2024-05-01
✓ Loaded RBL 2024-06-01
✓ Loaded RBL 2024-07-01
✓ Loaded RBL 2024-08-01
✓ Loaded RBL 2024-09-01
✓ Loaded RBL 2024-10-01
✓ Loaded RBL 2024-11-01
✓ Loaded RBL 2024-12-01
✓ Loaded RBL 2025-01-01
✓ Loaded RBL 2025-02-01
✓ Loaded RBL 2025-03-01
✓ Loaded RBL 2025-04-01
✓ Loaded RBL 2025-05-01
✓ Loaded RBL 2025-06-01
✓ Loaded RBL 2025-07-01
✓ Loaded RJR 2024-04-01
✓ Loaded RJR 2024-05-01
✓ Loaded RJR 2024-06-01
✓ Loaded RJR 2024-07-01
✓ Loaded RJR 2024-08-01
✓ Loaded RJR 2024-09-01
✓ Loaded RJR 2024-10-01
✓ Loaded RJR 2024-11-01
✓ Loaded RJR 2024-12-01
✓ Loaded RJR 2025-01-01
✓ Loaded RJR 2025-02-01
✓ Loaded RJR 2025-03-01
✓ Loaded RJR 2025-04-01
✓ Loaded RJR 2025-05-01
✓ Loaded RJR 2025-06-01
✓ Loaded RJR 2025-07-01
✓ Loaded RA7 2024-04-01
✓ Loaded RA7 2024-05-01
✓ Loaded RA7 2024-06-01
✓ Loaded RA7 2024-07-01
✓ Loaded RA7 2024-08-01
✓ Loaded RA7 2024-09-01
✓ Loaded RA7 2024-10-01
✓ Loaded RA7 2024-11-01
✓ Loaded RA7 2024-12-01
✓ Loaded RA7 2025-01-01
✓ Loaded RA7 2025-02-01
✓ Loaded RA7 2025-03-01
✓ Loaded RA7 2025-04-01
✓ Loaded RA7 2025-05-01
✓ Loaded RA7 2025-06-01
✓ Loaded RA7 2025-07-01
✓ Loaded RAP 2024-04-01
✓ Loaded RAP 2024-05-01
✓ Loaded RAP 2024-06-01
✓ Loaded RAP 2024-07-01
✓ Loaded RAP 2024-08-01
✓ Loaded RAP 2024-09-01
✓ Loaded RAP 2024-10-01
✓ Loaded RAP 2024-11-01
✓ Loaded RAP 2024-12-01
✓ Loaded REP 2024-04-01
✓ Loaded REP 2024-05-01
✓ Loaded REP 2024-06-01
✓ Loaded REP 2024-07-01
✓ Loaded REP 2024-08-01
✓ Loaded REP 2024-09-01
✓ Loaded REP 2024-10-01
✓ Loaded REP 2024-11-01
✓ Loaded REP 2024-12-01
✓ Loaded REP 2025-01-01
✓ Loaded REP 2025-02-01
✓ Loaded REP 2025-03-01
✓ Loaded REP 2025-04-01
✓ Loaded REP 2025-05-01
✓ Loaded REP 2025-06-01
✓ Loaded REP 2025-07-01
✓ Loaded RM3 2024-04-01
✓ Loaded RM3 2024-05-01
✓ Loaded RM3 2024-06-01
✓ Loaded RM3 2024-07-01
✓ Loaded RM3 2024-08-01
✓ Loaded RM3 2024-09-01
✓ Loaded RM3 2024-10-01
✓ Loaded RM3 2024-11-01
✓ Loaded RM3 2024-12-01
✓ Loaded RM3 2025-01-01
✓ Loaded RM3 2025-02-01
✓ Loaded RM3 2025-03-01
✓ Loaded RM3 2025-04-01
✓ Loaded RM3 2025-05-01
✓ Loaded RM3 2025-06-01
✓ Loaded RM3 2025-07-01
✓ Loaded RQ3 2024-04-01
✓ Loaded RQ3 2024-05-01
✓ Loaded RQ3 2024-06-01
✓ Loaded RQ3 2024-07-01
✓ Loaded RQ3 2024-08-01
✓ Loaded RQ3 2024-09-01
✓ Loaded RQ3 2024-10-01
✓ Loaded RQ3 2024-11-01
✓ Loaded RQ3 2024-12-01
✓ Loaded RQ3 2025-01-01
✓ Loaded RQ3 2025-02-01
✓ Loaded RQ3 2025-03-01
✓ Loaded RQ3 2025-04-01
✓ Loaded RQ3 2025-05-01
✓ Loaded RQ3 2025-06-01
✓ Loaded RQ3 2025-07-01
✓ Loaded RVR 2024-04-01
✓ Loaded RVR 2024-05-01
✓ Loaded RVR 2024-06-01
✓ Loaded RVR 2024-07-01
✓ Loaded RVR 2024-08-01
✓ Loaded RVR 2024-09-01
✓ Loaded RVR 2024-10-01
✓ Loaded RVR 2024-11-01
✓ Loaded RVR 2024-12-01
✓ Loaded RVR 2025-01-01
✓ Loaded RVR 2025-02-01
✓ Loaded RVR 2025-03-01
✓ Loaded RVR 2025-04-01
✓ Loaded RVR 2025-05-01
✓ Loaded RVR 2025-06-01
✓ Loaded RVR 2025-07-01
✓ Loaded RWJ 2024-04-01
✓ Loaded RWJ 2024-05-01
✓ Loaded RWJ 2024-06-01
✓ Loaded RWJ 2024-07-01
✓ Loaded RWJ 2024-08-01
✓ Loaded RWJ 2024-09-01
✓ Loaded RWJ 2024-10-01
✓ Loaded RWJ 2024-11-01
✓ Loaded RWJ 2024-12-01
✓ Loaded RWJ 2025-01-01
✓ Loaded RWJ 2025-02-01
✓ Loaded RWJ 2025-03-01
✓ Loaded RWJ 2025-04-01
✓ Loaded RWJ 2025-05-01
✓ Loaded RWJ 2025-06-01
✓ Loaded RWJ 2025-07-01
✓ Loaded R0B 2024-04-01
✓ Loaded R0B 2024-05-01
✓ Loaded R0B 2024-06-01
✓ Loaded R0B 2024-07-01
✓ Loaded R0B 2024-08-01
✓ Loaded R0B 2024-09-01
✓ Loaded R0B 2024-10-01
✓ Loaded R0B 2024-11-01
✓ Loaded R0B 2024-12-01
✓ Loaded R0B 2025-01-01
✓ Loaded R0B 2025-02-01
✓ Loaded R0B 2025-03-01
✓ Loaded R0B 2025-04-01
✓ Loaded R0B 2025-05-01
✓ Loaded R0B 2025-06-01
✓ Loaded R0B 2025-07-01
✓ Loaded RBQ 2024-04-01
✓ Loaded RBQ 2024-05-01
✓ Loaded RBQ 2024-06-01
✓ Loaded RBQ 2024-07-01
✓ Loaded RBQ 2024-08-01
✓ Loaded RBQ 2024-09-01
✓ Loaded RBQ 2024-10-01
✓ Loaded RBQ 2024-11-01
✓ Loaded RBQ 2024-12-01
✓ Loaded RBQ 2025-01-01
✓ Loaded RBQ 2025-02-01
✓ Loaded RBQ 2025-03-01
✓ Loaded RBQ 2025-04-01
✓ Loaded RBQ 2025-05-01
✓ Loaded RBQ 2025-06-01
✓ Loaded RBQ 2025-07-01
✓ Loaded RET 2024-04-01
✓ Loaded RET 2024-05-01
✓ Loaded RET 2024-06-01
✓ Loaded RET 2024-07-01
✓ Loaded RET 2024-08-01
✓ Loaded RET 2024-09-01
✓ Loaded RET 2024-10-01
✓ Loaded RET 2024-11-01
✓ Loaded RET 2024-12-01
✓ Loaded RET 2025-01-01
✓ Loaded RET 2025-02-01
✓ Loaded RET 2025-03-01
✓ Loaded RET 2025-04-01
✓ Loaded RET 2025-05-01
✓ Loaded RET 2025-06-01
✓ Loaded RET 2025-07-01
✓ Loaded RP6 2024-04-01
✓ Loaded RP6 2024-05-01
✓ Loaded RP6 2024-06-01
✓ Loaded RP6 2024-07-01
✓ Loaded RP6 2024-08-01
✓ Loaded RP6 2024-09-01
✓ Loaded RP6 2024-10-01
✓ Loaded RP6 2024-11-01
✓ Loaded RP6 2024-12-01
✓ Loaded RP6 2025-01-01
✓ Loaded RP6 2025-02-01
✓ Loaded RP6 2025-03-01
✓ Loaded RP6 2025-04-01
✓ Loaded RP6 2025-05-01
✓ Loaded RP6 2025-06-01
✓ Loaded RAN 2024-04-01
✓ Loaded RAN 2024-05-01
✓ Loaded RAN 2024-06-01
✓ Loaded RAN 2024-07-01
✓ Loaded RAN 2024-08-01
✓ Loaded RAN 2024-09-01
✓ Loaded RAN 2024-10-01
✓ Loaded RAN 2024-11-01
✓ Loaded RAN 2024-12-01
✓ Loaded RAN 2025-01-01
✓ Loaded RAN 2025-02-01
✓ Loaded RAN 2025-03-01
✓ Loaded RAN 2025-04-01
✓ Loaded RAN 2025-05-01
✓ Loaded RAN 2025-06-01
✓ Loaded RAN 2025-07-01
✓ Loaded RBS 2024-04-01
✓ Loaded RBS 2024-05-01
✓ Loaded RBS 2024-06-01
✓ Loaded RBS 2024-07-01
✓ Loaded RBS 2024-08-01
✓ Loaded RBS 2024-09-01
✓ Loaded RBS 2024-10-01
✓ Loaded RBS 2024-11-01
✓ Loaded RBS 2024-12-01
✓ Loaded RBS 2025-01-01
✓ Loaded RBS 2025-02-01
✓ Loaded RBS 2025-03-01
✓ Loaded RBS 2025-05-01
✓ Loaded RBS 2025-06-01
✓ Loaded RBS 2025-07-01
✓ Loaded RCU 2024-04-01
✓ Loaded RCU 2024-05-01
✓ Loaded RCU 2024-06-01
✓ Loaded RCU 2024-07-01
✓ Loaded RCU 2024-08-01
✓ Loaded RCU 2024-09-01
✓ Loaded RCU 2024-10-01
✓ Loaded RCU 2024-11-01
✓ Loaded RCU 2024-12-01
✓ Loaded RCU 2025-01-01
✓ Loaded RCU 2025-02-01
✓ Loaded RCU 2025-03-01
✓ Loaded RCU 2025-04-01
✓ Loaded RCU 2025-05-01
✓ Loaded RCU 2025-06-01
✓ Loaded RCU 2025-07-01
✓ Loaded RPC 2024-04-01
✓ Loaded RPC 2024-05-01
✓ Loaded RPC 2024-06-01
✓ Loaded RPC 2024-07-01
✓ Loaded RPC 2024-08-01
✓ Loaded RPC 2024-09-01
✓ Loaded RPC 2024-10-01
✓ Loaded RPC 2024-11-01
✓ Loaded RPC 2024-12-01
✓ Loaded RPC 2025-01-01
✓ Loaded RPC 2025-02-01
✓ Loaded RPC 2025-03-01
✓ Loaded RPC 2025-04-01
✓ Loaded RPC 2025-05-01
✓ Loaded RPC 2025-06-01
✓ Loaded RPC 2025-07-01
✓ Loaded RRJ 2024-04-01
✓ Loaded RRJ 2024-05-01
✓ Loaded RRJ 2024-06-01
✓ Loaded RRJ 2024-07-01
✓ Loaded RRJ 2024-08-01
✓ Loaded RRJ 2024-09-01
✓ Loaded RRJ 2024-10-01
✓ Loaded RRJ 2024-11-01
✓ Loaded RRJ 2024-12-01
✓ Loaded RRJ 2025-01-01
✓ Loaded RRJ 2025-02-01
✓ Loaded RRJ 2025-03-01
✓ Loaded RRJ 2025-04-01
✓ Loaded RRJ 2025-05-01
✓ Loaded RRJ 2025-06-01
✓ Loaded RRJ 2025-07-01
✓ Loaded RY2 2024-04-01
✓ Loaded RY2 2024-05-01
✓ Loaded RY2 2024-06-01
✓ Loaded RY2 2024-07-01
✓ Loaded RY2 2024-08-01
✓ Loaded RY2 2024-09-01
✓ Loaded RY2 2024-10-01
✓ Loaded RY2 2024-11-01
✓ Loaded RY2 2024-12-01
✓ Loaded RY2 2025-01-01
✓ Loaded RY2 2025-02-01
✓ Loaded RY2 2025-03-01
✓ Loaded RY2 2025-04-01
✓ Loaded RY2 2025-05-01
✓ Loaded RY2 2025-06-01
✓ Loaded RY2 2025-07-01
✓ Loaded RBV 2024-04-01
✓ Loaded RBV 2024-05-01
✓ Loaded RBV 2024-06-01
✓ Loaded RBV 2024-07-01
✓ Loaded RBV 2024-08-01
✓ Loaded RBV 2024-09-01
✓ Loaded RBV 2024-10-01
✓ Loaded RBV 2024-11-01
✓ Loaded RBV 2024-12-01
✓ Loaded RBV 2025-01-01
✓ Loaded RBV 2025-02-01
✓ Loaded RBV 2025-03-01
✓ Loaded RBV 2025-04-01
✓ Loaded RBV 2025-05-01
✓ Loaded RBV 2025-06-01
✓ Loaded RBV 2025-07-01
✓ Loaded REN 2024-04-01
✓ Loaded REN 2024-05-01
✓ Loaded REN 2024-06-01
✓ Loaded REN 2024-07-01
✓ Loaded REN 2024-08-01
✓ Loaded REN 2024-09-01
✓ Loaded REN 2024-10-01
✓ Loaded REN 2024-11-01
✓ Loaded REN 2024-12-01
✓ Loaded REN 2025-01-01
✓ Loaded REN 2025-02-01
✓ Loaded REN 2025-03-01
✓ Loaded REN 2025-04-01
✓ Loaded REN 2025-05-01
✓ Loaded REN 2025-06-01
✓ Loaded REN 2025-07-01
✓ Loaded RPG 2024-04-01
✓ Loaded RPG 2024-05-01
✓ Loaded RX2 2024-04-01
✓ Loaded RX2 2024-05-01
✓ Loaded RX2 2024-06-01
✓ Loaded RX2 2024-08-01
✓ Loaded RX2 2024-09-01
✓ Loaded RX2 2025-01-01
✓ Loaded RX2 2025-03-01
✓ Loaded RX2 2025-04-01
✓ Loaded RL1 2024-04-01
✓ Loaded RL1 2024-05-01
✓ Loaded RL1 2024-06-01
✓ Loaded RL1 2024-07-01
✓ Loaded RL1 2024-08-01
✓ Loaded RL1 2024-09-01
✓ Loaded RL1 2024-10-01
✓ Loaded RL1 2024-11-01
✓ Loaded RL1 2024-12-01
✓ Loaded RL1 2025-01-01
✓ Loaded RL1 2025-02-01
✓ Loaded RL1 2025-03-01
✓ Loaded RL1 2025-04-01
✓ Loaded RL1 2025-05-01
✓ Loaded RL1 2025-06-01
✓ Loaded RL1 2025-07-01
✓ Loaded RXY 2024-04-01
✓ Loaded RGM 2024-04-01
✓ Loaded RGM 2024-05-01
✓ Loaded RGM 2024-06-01
✓ Loaded RGM 2024-07-01
✓ Loaded RGM 2024-08-01
✓ Loaded RGM 2024-09-01
✓ Loaded RGM 2024-10-01
✓ Loaded RGM 2024-11-01
✓ Loaded RGM 2024-12-01
✓ Loaded RGM 2025-01-01
✓ Loaded RGM 2025-02-01
✓ Loaded RGM 2025-03-01
✓ Loaded RGM 2025-04-01
✓ Loaded RGM 2025-05-01
✓ Loaded RGM 2025-06-01
✓ Loaded RGM 2025-07-01
✓ Loaded RP4 2024-04-01
✓ Loaded RP4 2024-05-01
✓ Loaded RP4 2024-06-01
✓ Loaded RP4 2024-07-01
✓ Loaded RP4 2024-08-01
✓ Loaded RP4 2024-09-01
✓ Loaded RP4 2024-10-01
✓ Loaded RP4 2024-11-01
✓ Loaded RP4 2024-12-01
✓ Loaded RP4 2025-01-01
✓ Loaded RP4 2025-02-01
✓ Loaded RP4 2025-03-01
✓ Loaded RP4 2025-04-01
✓ Loaded RP4 2025-05-01
✓ Loaded RP4 2025-06-01
✓ Loaded RP4 2025-07-01
✓ Loaded R1L 2024-04-01
✓ Loaded R1L 2024-05-01
✓ Loaded R1L 2025-06-01
✓ Loaded RYX 2024-04-01
✓ Loaded RYX 2024-12-01
✓ Loaded RYX 2025-07-01
✓ Loaded RX3 2024-04-01
✓ Loaded RT1 2024-05-01
✓ Loaded RV9 2024-06-01
✓ Loaded RV9 2024-07-01
✓ Loaded RV9 2025-05-01
✓ Loaded RQY 2024-07-01
✓ Loaded RWK 2024-08-01
✓ Loaded RWK 2025-03-01
✓ Loaded RXV 2024-09-01
✓ Loaded RXV 2024-10-01
✓ Loaded R1D 2024-12-01
✓ Loaded R1A 2025-01-01
✓ Loaded R1A 2025-04-01
✓ Loaded R1A 2025-06-01
✓ Loaded RDR 2025-03-01
✓ Loaded RMY 2025-03-01
✓ Loaded RX8 2025-04-01
✓ Loaded RW5 2025-04-01
✓ Loaded RV3 2025-05-01
✓ Loaded RWV 2025-05-01
✓ Loaded RX4 2025-06-01
✓ Loaded RYA 2025-07-01

Database loading complete: 2206 success, 0 errors

==================================================
VALIDATION REPORT
==================================================
Cancer Data Coverage:
- Trusts with cancer data: 154
- Months covered: 16
- Total records: 1000

Sample Cancer Data:
- RLT (2024-05-01): 0 patients, 0% performance
- RWG (2024-05-01): 0 patients, 0% performance
- RWG (2024-07-01): 0 patients, 0% performance
- RWG (2025-01-01): 0 patients, 0% performance
- RWH (2024-05-01): 0 patients, 0% performance

Worst 62-day Performance:

Phase I processing complete!
